<?xml version="1.0" encoding="UTF-8"?>
<testng-results ignored="0" total="2" passed="1" failed="1" skipped="0">
  <reporter-output>
  </reporter-output>
  <suite started-at="2024-03-08T04:03:23 IST" name="Practice Suite" finished-at="2024-03-08T04:04:01 IST" duration-ms="37260">
    <groups>
    </groups>
    <test started-at="2024-03-08T04:03:23 IST" name="Launching Website In Chrome" finished-at="2024-03-08T04:03:23 IST" duration-ms="15">
    </test> <!-- Launching Website In Chrome -->
    <test started-at="2024-03-08T04:03:24 IST" name="Launching Website In Firefox" finished-at="2024-03-08T04:04:01 IST" duration-ms="37128">
      <class name="XYZBank.TransactionsPageValidationTest">
        <test-method is-config="true" signature="launcher(java.lang.String)[pri:0, instance:XYZBank.TransactionsPageValidationTest@4dbb42b7]" started-at="2024-03-08T04:03:24 IST" name="launcher" finished-at="2024-03-08T04:03:32 IST" duration-ms="8228" status="PASS">
          <params>
            <param index="0">
              <value>
                <![CDATA[Firefox]]>
              </value>
            </param>
          </params>
          <reporter-output>
          </reporter-output>
        </test-method> <!-- launcher -->
        <test-method signature="transcationsPageValidation()[pri:0, instance:XYZBank.TransactionsPageValidationTest@4dbb42b7]" started-at="2024-03-08T04:03:32 IST" name="transcationsPageValidation" description="Verify Transactions Functionality Of Customer" finished-at="2024-03-08T04:03:37 IST" duration-ms="4824" status="FAIL">
          <exception class="java.lang.AssertionError">
            <message>
              <![CDATA[Verify Redirection To Welcome Page  expected [vtug] but found [Harry Potter]]]>
            </message>
            <full-stacktrace>
              <![CDATA[java.lang.AssertionError: Verify Redirection To Welcome Page  expected [vtug] but found [Harry Potter]
at org.testng.Assert.fail(Assert.java:99)
at org.testng.Assert.failNotEquals(Assert.java:1037)
at org.testng.Assert.assertEqualsImpl(Assert.java:140)
at org.testng.Assert.assertEquals(Assert.java:122)
at org.testng.Assert.assertEquals(Assert.java:629)
at XYZBank.TransactionsPageValidationTest.transcationsPageValidation(TransactionsPageValidationTest.java:57)
at java.base/jdk.internal.reflect.NativeMethodAccessorImpl.invoke0(Native Method)
at java.base/jdk.internal.reflect.NativeMethodAccessorImpl.invoke(NativeMethodAccessorImpl.java:77)
at java.base/jdk.internal.reflect.DelegatingMethodAccessorImpl.invoke(DelegatingMethodAccessorImpl.java:43)
at java.base/java.lang.reflect.Method.invoke(Method.java:568)
at org.testng.internal.MethodInvocationHelper.invokeMethod(MethodInvocationHelper.java:133)
at org.testng.internal.TestInvoker.invokeMethod(TestInvoker.java:598)
at org.testng.internal.TestInvoker.invokeTestMethod(TestInvoker.java:173)
at org.testng.internal.MethodRunner.runInSequence(MethodRunner.java:46)
at org.testng.internal.TestInvoker$MethodInvocationAgent.invoke(TestInvoker.java:824)
at org.testng.internal.TestInvoker.invokeTestMethods(TestInvoker.java:146)
at org.testng.internal.TestMethodWorker.invokeTestMethods(TestMethodWorker.java:146)
at org.testng.internal.TestMethodWorker.run(TestMethodWorker.java:128)
at java.base/java.util.ArrayList.forEach(ArrayList.java:1511)
at org.testng.TestRunner.privateRun(TestRunner.java:794)
at org.testng.TestRunner.run(TestRunner.java:596)
at org.testng.SuiteRunner.runTest(SuiteRunner.java:377)
at org.testng.SuiteRunner.runSequentially(SuiteRunner.java:371)
at org.testng.SuiteRunner.privateRun(SuiteRunner.java:332)
at org.testng.SuiteRunner.run(SuiteRunner.java:276)
at org.testng.SuiteRunnerWorker.runSuite(SuiteRunnerWorker.java:53)
at org.testng.SuiteRunnerWorker.run(SuiteRunnerWorker.java:96)
at org.testng.TestNG.runSuitesSequentially(TestNG.java:1212)
at org.testng.TestNG.runSuitesLocally(TestNG.java:1134)
at org.testng.TestNG.runSuites(TestNG.java:1063)
at org.testng.TestNG.run(TestNG.java:1031)
at org.testng.remote.AbstractRemoteTestNG.run(AbstractRemoteTestNG.java:115)
at org.testng.remote.RemoteTestNG.initAndRun(RemoteTestNG.java:251)
at org.testng.remote.RemoteTestNG.main(RemoteTestNG.java:77)
]]>
            </full-stacktrace>
          </exception> <!-- java.lang.AssertionError -->
          <reporter-output>
          </reporter-output>
        </test-method> <!-- transcationsPageValidation -->
        <test-method is-config="true" signature="closeBrowser()[pri:0, instance:XYZBank.TransactionsPageValidationTest@4dbb42b7]" started-at="2024-03-08T04:03:37 IST" name="closeBrowser" finished-at="2024-03-08T04:03:39 IST" duration-ms="2611" status="PASS">
          <reporter-output>
          </reporter-output>
        </test-method> <!-- closeBrowser -->
      </class> <!-- XYZBank.TransactionsPageValidationTest -->
      <class name="XYZBank.NoAccountsValidationTest">
        <test-method is-config="true" signature="launcher(java.lang.String)[pri:0, instance:XYZBank.NoAccountsValidationTest@3012646b]" started-at="2024-03-08T04:03:39 IST" name="launcher" finished-at="2024-03-08T04:03:46 IST" duration-ms="6833" status="PASS">
          <params>
            <param index="0">
              <value>
                <![CDATA[Firefox]]>
              </value>
            </param>
          </params>
          <reporter-output>
          </reporter-output>
        </test-method> <!-- launcher -->
        <test-method signature="noAccountsValidation()[pri:0, instance:XYZBank.NoAccountsValidationTest@3012646b]" started-at="2024-03-08T04:03:46 IST" name="noAccountsValidation" description="Verify Customer Journey With Having No Accounts" finished-at="2024-03-08T04:03:58 IST" duration-ms="12097" status="PASS">
          <reporter-output>
          </reporter-output>
        </test-method> <!-- noAccountsValidation -->
        <test-method is-config="true" signature="closeBrowser()[pri:0, instance:XYZBank.NoAccountsValidationTest@3012646b]" started-at="2024-03-08T04:03:58 IST" name="closeBrowser" finished-at="2024-03-08T04:04:01 IST" duration-ms="2472" status="PASS">
          <reporter-output>
          </reporter-output>
        </test-method> <!-- closeBrowser -->
      </class> <!-- XYZBank.NoAccountsValidationTest -->
    </test> <!-- Launching Website In Firefox -->
  </suite> <!-- Practice Suite -->
</testng-results>
